{
  "RSpec": {
    "coverage": {
      "/Users/harrycarton/Projects/chitter-challenge-apprenticeships/app.rb": {
        "lines": [
          1,
          null,
          1,
          1,
          1,
          null,
          null,
          1,
          1,
          null,
          null,
          1,
          null
        ]
      },
      "/Users/harrycarton/Projects/chitter-challenge-apprenticeships/spec/features/home_page_spec.rb": {
        "lines": [
          1,
          1,
          1,
          1,
          null,
          null
        ]
      },
      "/Users/harrycarton/Projects/chitter-challenge-apprenticeships/spec/features/view_peeps_spec.rb": {
        "lines": [
          1,
          1,
          1,
          1,
          null,
          null
        ]
      }
    },
    "timestamp": 1613728467
  }
}
