{
  "RSpec": {
    "coverage": {
      "/Users/harrycarton/Projects/chitter-challenge-apprenticeships/app.rb": {
        "lines": [
          1,
          1,
          null,
          1,
          1,
          3,
          null,
          null,
          1,
          2,
          2,
          null,
          null,
          1,
          1,
          null,
          null,
          1,
          null
        ]
      },
      "/Users/harrycarton/Projects/chitter-challenge-apprenticeships/lib/user.rb": {
        "lines": [
          1,
          null,
          1,
          null,
          1,
          3,
          3,
          null,
          null
        ]
      },
      "/Users/harrycarton/Projects/chitter-challenge-apprenticeships/spec/features/home_page_spec.rb": {
        "lines": [
          1,
          1,
          1,
          1,
          null,
          null
        ]
      },
      "/Users/harrycarton/Projects/chitter-challenge-apprenticeships/spec/features/links_page_spec.rb": {
        "lines": [
          1,
          1,
          1,
          1,
          null,
          null
        ]
      },
      "/Users/harrycarton/Projects/chitter-challenge-apprenticeships/spec/features/view_peeps_spec.rb": {
        "lines": [
          1,
          1,
          1,
          1,
          1,
          null,
          null
        ]
      },
      "/Users/harrycarton/Projects/chitter-challenge-apprenticeships/spec/user_spec.rb": {
        "lines": [
          1,
          null,
          1,
          2,
          1,
          1,
          1,
          null,
          null,
          null
        ]
      }
    },
    "timestamp": 1613731656
  }
}
